d:\work\workspace\media manager\debug\vc143.pdb
d:\work\workspace\media manager\debug\qrc_assets.obj
d:\work\workspace\media manager\debug\moc_duomeitiwenjianshaixuan.obj
d:\work\workspace\media manager\debug\moc_duomeitiwenjianbujian.obj
d:\work\workspace\media manager\debug\moc_duomeitiwenjian.obj
d:\work\workspace\media manager\debug\main.obj
d:\work\workspace\media manager\debug\loginpage.obj
d:\work\workspace\media manager\debug\duomeitiwenjianshaixuan.obj
d:\work\workspace\media manager\debug\duomeitiwenjianbujian.obj
d:\work\workspace\media manager\debug\duomeitiwenjian.obj
d:\work\workspace\media manager\debug\moc_duomeitiwenjian.cpp
d:\work\workspace\media manager\debug\moc_duomeitiwenjianbujian.cpp
d:\work\workspace\media manager\debug\moc_duomeitiwenjianshaixuan.cpp
d:\work\workspace\media manager\debug\moc_predefs.h
d:\work\workspace\media manager\ui_duomeitiwenjianbujian.h
d:\work\workspace\media manager\ui_loginpage.h
d:\work\workspace\media manager\debug\qrc_assets.cpp
d:\work\workspace\media manager\debug\duomeitiwenjianguanli.exe
d:\work\workspace\media manager\debug\duomeiti.37758437.tlog\cl.command.1.tlog
d:\work\workspace\media manager\debug\duomeiti.37758437.tlog\cl.read.1.tlog
d:\work\workspace\media manager\debug\duomeiti.37758437.tlog\cl.write.1.tlog
d:\work\workspace\media manager\debug\duomeiti.37758437.tlog\custombuild.command.1.tlog
d:\work\workspace\media manager\debug\duomeiti.37758437.tlog\custombuild.read.1.tlog
d:\work\workspace\media manager\debug\duomeiti.37758437.tlog\custombuild.write.1.tlog
