  Generate moc_predefs.h
  UIC loginPage.ui
  UIC managePage.ui
  RCC assets.qrc
  MOC loginPage.h
  MOC managePage.h
  MOC mediaFile.h
  MOC mediaFliter.h
  loginPage.cpp
  main.cpp
  managePage.cpp
  mediaFile.cpp
  mediaFliter.cpp
  moc_loginPage.cpp
  moc_managePage.cpp
  moc_mediaFile.cpp
  moc_mediaFliter.cpp
  qrc_assets.cpp
  正在生成代码...
C:\Users\SoulW\AppData\Local\QtMsBuild\qt_globals.targets(786,7): error MSB4184: 无法计算表达式“[System.IO.File]::ReadAllText(C:\Users\SoulW\AppData\Local\QtMsBuild\qt.natvis.xml)”。未能找到文件“C:\Users\SoulW\AppData\Local\QtMsBuild\qt.natvis.xml”。
